[11:21:04] [Client thread/INFO]: Setting user: SomethingElse678
[11:21:08] [Client thread/INFO]: LWJGL Version: 2.9.4
[11:21:13] [Client thread/INFO]: Reloading ResourceManager: Default, FMLFileResourcePack:Forge Mod Loader, FMLFileResourcePack:Minecraft Forge
[11:21:13] [Sound Library Loader/INFO]: Starting up SoundSystem...
[11:21:13] [Thread-9/INFO]: Initializing LWJGL OpenAL
[11:21:13] [Thread-9/INFO]: (The LWJGL binding of OpenAL.  For more information, see http://www.lwjgl.org)
[11:21:14] [Thread-9/INFO]: OpenAL initialized.
[11:21:14] [Sound Library Loader/INFO]: Sound engine started
[11:21:16] [Client thread/INFO]: Created: 16x16 textures-atlas
[11:21:17] [Client thread/INFO]: Reloading ResourceManager: Default, FMLFileResourcePack:Forge Mod Loader, FMLFileResourcePack:Minecraft Forge
[11:21:17] [Client thread/INFO]: SoundSystem shutting down...
[11:21:18] [Client thread/WARN]: Author: Paul Lamb, www.paulscode.com
[11:21:18] [Sound Library Loader/INFO]: Starting up SoundSystem...
[11:21:18] [Thread-11/INFO]: Initializing LWJGL OpenAL
[11:21:18] [Thread-11/INFO]: (The LWJGL binding of OpenAL.  For more information, see http://www.lwjgl.org)
[11:21:18] [Thread-11/INFO]: OpenAL initialized.
[11:21:18] [Sound Library Loader/INFO]: Sound engine started
[11:21:20] [Client thread/INFO]: Created: 512x512 textures-atlas
[11:21:35] [Client thread/INFO]: Stopping!
[11:21:35] [Client thread/INFO]: SoundSystem shutting down...
[11:21:36] [Client thread/WARN]: Author: Paul Lamb, www.paulscode.com
